<?xml version="1.0" encoding="UTF-8"?>
<testng-results skipped="0" failed="0" total="1" passed="1">
  <reporter-output>
  </reporter-output>
  <suite name="Default suite" duration-ms="430695" started-at="2014-09-29T10:18:52Z" finished-at="2014-09-29T10:26:03Z">
    <groups>
    </groups>
    <test name="Default test" duration-ms="430695" started-at="2014-09-29T10:18:52Z" finished-at="2014-09-29T10:26:03Z">
      <class name="AutomationFramework.TestStagingModules">
        <test-method status="PASS" signature="setUp()[pri:0, instance:AutomationFramework.TestStagingModules@2c766a24]" name="setUp" is-config="true" duration-ms="4470" started-at="2014-09-29T15:48:52Z" finished-at="2014-09-29T15:48:57Z">
          <reporter-output>
          </reporter-output>
        </test-method> <!-- setUp -->
        <test-method status="PASS" signature="testBrowserUpload()[pri:0, instance:AutomationFramework.TestStagingModules@2c766a24]" name="testBrowserUpload" duration-ms="426195" started-at="2014-09-29T15:48:57Z" finished-at="2014-09-29T15:56:03Z">
          <reporter-output>
          </reporter-output>
        </test-method> <!-- testBrowserUpload -->
        <test-method status="PASS" signature="terminate()[pri:0, instance:AutomationFramework.TestStagingModules@2c766a24]" name="terminate" is-config="true" duration-ms="0" started-at="2014-09-29T15:56:03Z" finished-at="2014-09-29T15:56:03Z">
          <reporter-output>
          </reporter-output>
        </test-method> <!-- terminate -->
      </class> <!-- AutomationFramework.TestStagingModules -->
    </test> <!-- Default test -->
  </suite> <!-- Default suite -->
</testng-results>
